<?xml version="1.0" encoding="UTF-8"?>
<testng-results ignored="0" total="2" passed="2" failed="0" skipped="0">
  <reporter-output>
  </reporter-output>
  <suite started-at="2024-06-20T12:22:25 IST" name="Default suite" finished-at="2024-06-20T12:23:27 IST" duration-ms="61932">
    <groups>
      <group name="cucumber">
        <method signature="AbstractTestNGCucumberTests.runScenario(io.cucumber.testng.PickleWrapper,io.cucumber.testng.FeatureWrapper)[pri:0, instance:testRunner.Runner@6c4906d3]" name="runScenario" class="io.cucumber.testng.AbstractTestNGCucumberTests"/>
      </group> <!-- cucumber -->
    </groups>
    <test started-at="2024-06-20T12:22:25 IST" name="Default test" finished-at="2024-06-20T12:23:27 IST" duration-ms="61932">
      <class name="testRunner.Runner">
        <test-method is-config="true" signature="setUpClass(org.testng.ITestContext)[pri:0, instance:testRunner.Runner@6c4906d3]" started-at="2024-06-20T12:22:25 IST" name="setUpClass" finished-at="2024-06-20T12:22:26 IST" duration-ms="803" status="PASS">
          <params>
            <param index="0">
              <value>
                <![CDATA[org.testng.TestRunner@167279d1]]>
              </value>
            </param>
          </params>
          <reporter-output>
          </reporter-output>
        </test-method> <!-- setUpClass -->
        <test-method signature="runScenario(io.cucumber.testng.PickleWrapper,io.cucumber.testng.FeatureWrapper)[pri:0, instance:testRunner.Runner@6c4906d3]" started-at="2024-06-20T12:22:26 IST" name="runScenario" description="Runs Cucumber Scenarios" data-provider="scenarios" finished-at="2024-06-20T12:22:55 IST" duration-ms="29580" status="PASS">
          <params>
            <param index="0">
              <value>
                <![CDATA["Test the TextBox in application with scenario"]]>
              </value>
            </param>
            <param index="1">
              <value>
                <![CDATA["DemoQA application Demo test"]]>
              </value>
            </param>
          </params>
          <reporter-output>
          </reporter-output>
        </test-method> <!-- runScenario -->
        <test-method signature="runScenario(io.cucumber.testng.PickleWrapper,io.cucumber.testng.FeatureWrapper)[pri:0, instance:testRunner.Runner@6c4906d3]" started-at="2024-06-20T12:22:55 IST" name="runScenario" description="Runs Cucumber Scenarios" data-provider="scenarios" finished-at="2024-06-20T12:23:27 IST" duration-ms="31331" status="PASS">
          <params>
            <param index="0">
              <value>
                <![CDATA["Test the TextBox in application with scenario"]]>
              </value>
            </param>
            <param index="1">
              <value>
                <![CDATA["DemoQA application Demo test"]]>
              </value>
            </param>
          </params>
          <reporter-output>
          </reporter-output>
        </test-method> <!-- runScenario -->
        <test-method is-config="true" signature="tearDownClass()[pri:0, instance:testRunner.Runner@6c4906d3]" started-at="2024-06-20T12:23:27 IST" name="tearDownClass" finished-at="2024-06-20T12:23:27 IST" duration-ms="12" status="PASS">
          <reporter-output>
          </reporter-output>
        </test-method> <!-- tearDownClass -->
      </class> <!-- testRunner.Runner -->
    </test> <!-- Default test -->
  </suite> <!-- Default suite -->
</testng-results>
